<?xml version="1.0" encoding="UTF-8"?>
<!-- Generated by org.testng.reporters.JUnitXMLReporter -->
<testsuite ignored="3" hostname="DESKTOP-T7LPE4F" failures="0" tests="1" name="Test" time="48.941" errors="0" timestamp="2023-06-02T09:54:12 SAST">
  <testcase classname="Reporting.Test_case" name="ConfirmOrder" time="39.695"/>
  <testcase classname="Reporting.Test_case" name="LoginTest" time="0.0">
    <ignored/>
  </testcase> <!-- LoginTest -->
  <testcase classname="Reporting.Test_case" name="InvalidLogin" time="0.0">
    <ignored/>
  </testcase> <!-- InvalidLogin -->
  <testcase classname="Reporting.Test_case" name="addingToCart" time="0.0">
    <ignored/>
  </testcase> <!-- addingToCart -->
</testsuite> <!-- Test -->
