<?xml version="1.0" encoding="UTF-8"?>
<!-- Generated by org.testng.reporters.JUnitXMLReporter -->
<testsuite ignored="0" hostname="DESKTOP-T7LPE4F" failures="0" tests="4" name="Test2" time="92.318" errors="0" timestamp="2023-06-02T11:39:31 SAST">
  <testcase classname="Reporting.Test_case2" name="ConfirmOrder" time="40.171"/>
  <testcase classname="Reporting.Test_case2" name="InvalidLogin" time="2.988"/>
  <testcase classname="Reporting.Test_case2" name="LoginTest" time="4.102"/>
  <testcase classname="Reporting.Test_case2" name="addingToCart" time="13.074"/>
</testsuite> <!-- Test2 -->
