<?xml version="1.0" encoding="UTF-8"?>
<!-- Generated by org.testng.reporters.JUnitXMLReporter -->
<testsuite ignored="0" hostname="DESKTOP-T7LPE4F" failures="0" tests="4" name="Test1" time="91.452" errors="0" timestamp="2023-06-02T11:37:58 SAST">
  <testcase classname="Reporting.Test_case" name="ConfirmOrder" time="41.064"/>
  <testcase classname="Reporting.Test_case" name="InvalidLogin" time="2.714"/>
  <testcase classname="Reporting.Test_case" name="LoginTest" time="3.218"/>
  <testcase classname="Reporting.Test_case" name="addingToCart" time="12.763"/>
</testsuite> <!-- Test1 -->
